{"level":"info","message":"Server running on port 5300"}
{"level":"info","message":"Sales invoice retrieved for business number: undefined"}
{"level":"info","message":"Sales invoice retrieved for business number: undefined"}
{"level":"info","message":"Sales invoice retrieved for business number: undefined"}
{"level":"info","message":"Sales invoice retrieved for business number: undefined"}
{"level":"info","message":"Server running on port 6100"}
{"level":"info","message":"Sales invoice retrieved for business number: 1111100001"}
{"level":"info","message":"Server running on port 6100"}
{"level":"info","message":"Sales invoice retrieved for business number: 1111100001 0"}
{"level":"info","message":"Sales invoice retrieved for business number: 1111100001 0"}
{"level":"info","message":"Server running on port 6100"}
{"level":"info","message":"/hometax_sales_invoices retrieved for business number: 1111100001 7"}
{"level":"info","message":"Server running on port 6100"}
{"level":"info","message":"Server running on port 6100"}
{"level":"info","message":"/hometax_sales_invoices retrieved for business number: 1111100002 14"}
{"level":"info","message":"Server running on port 6100"}
{"level":"info","message":"Server running on port 6100"}
{"level":"info","message":"/hometax_sales_invoices retrieved for business number: 1111100002 14"}
{"level":"info","message":"/hometax_sales_invoices retrieved for business number: 1111100001 7"}
{"level":"info","message":"/coupangeats_vat_reports retrieved for business number: 1111100001 37"}
{"level":"info","message":"/hometax_sales_invoices retrieved for business number: 1111100001 7"}
{"level":"info","message":"/hometax_sales_invoices retrieved for business number: 1111100001 7"}
{"level":"info","message":"/coupangeats_vat_reports retrieved for business number: 1111100001 37"}
{"level":"info","message":"/zeropay_payment_history retrieved for business number: 1111100001 21"}
{"level":"info","message":"/coupangeats_vat_reports retrieved for business number: 1111100001 37"}
{"level":"info","message":"/naver_vat_reports retrieved for business number: 1111100001 37"}
{"level":"info","message":"/naver_vat_reports retrieved for business number: 1111100001 37"}
{"level":"info","message":"/zeropay_payment_history retrieved for business number: 1111100001 21"}
{"level":"info","message":"/hometax_sales_invoices retrieved for business number: 1111100001 7"}
{"level":"info","message":"/coupangeats_vat_reports retrieved for business number: 1111100001 37"}
{"level":"info","message":"/zeropay_payment_history retrieved for business number: 1111100001 21"}
{"level":"info","message":"/naver_vat_reports retrieved for business number: 1111100001 37"}
{"level":"info","message":"/coupangeats_vat_reports retrieved for business number: 1111100001 37"}
{"level":"info","message":"/naver_vat_reports retrieved for business number: 1111100001 37"}
{"level":"info","message":"/zeropay_payment_history retrieved for business number: 1111100001 21"}
{"level":"info","message":"/hometax_sales_invoices retrieved for business number: 1111100001 7"}
{"level":"info","message":"/hometax_sales_invoices retrieved for business number: 1111100001 7"}
{"level":"info","message":"/coupangeats_vat_reports retrieved for business number: 1111100001 37"}
{"level":"info","message":"/zeropay_payment_history retrieved for business number: 1111100001 21"}
{"level":"info","message":"/naver_vat_reports retrieved for business number: 1111100001 37"}
{"level":"info","message":"/hometax_sales_invoices retrieved for business number: 1111100001 7"}
{"level":"info","message":"/naver_vat_reports retrieved for business number: 1111100001 37"}
{"level":"info","message":"/coupangeats_vat_reports retrieved for business number: 1111100001 37"}
{"level":"info","message":"/hometax_sales_invoices retrieved for business number: 1111100001 7"}
{"level":"info","message":"/naver_vat_reports retrieved for business number: 1111100001 37"}
{"level":"info","message":"/zeropay_payment_history retrieved for business number: 1111100001 21"}
{"level":"info","message":"/zeropay_payment_history retrieved for business number: 1111100001 21"}
{"level":"info","message":"/coupangeats_vat_reports retrieved for business number: 1111100001 37"}
{"level":"info","message":"/hometax_sales_invoices retrieved for business number: 1111100001 7"}
{"level":"info","message":"/zeropay_payment_history retrieved for business number: 1111100001 21"}
{"level":"info","message":"/coupangeats_vat_reports retrieved for business number: 1111100001 37"}
{"level":"info","message":"/naver_vat_reports retrieved for business number: 1111100001 37"}
{"level":"info","message":"/hometax_sales_invoices retrieved for business number: 1111100001 7"}
{"level":"info","message":"/coupangeats_vat_reports retrieved for business number: 1111100001 37"}
{"level":"info","message":"/zeropay_payment_history retrieved for business number: 1111100001 21"}
{"level":"info","message":"/naver_vat_reports retrieved for business number: 1111100001 37"}
{"level":"info","message":"/coupangeats_vat_reports retrieved for business number: 1111100001 37"}
{"level":"info","message":"/hometax_sales_invoices retrieved for business number: 1111100001 7"}
{"level":"info","message":"/naver_vat_reports retrieved for business number: 1111100001 37"}
{"level":"info","message":"/zeropay_payment_history retrieved for business number: 1111100001 21"}
{"level":"info","message":"/hometax_sales_invoices retrieved for business number: 1111100001 7"}
{"level":"info","message":"/coupangeats_vat_reports retrieved for business number: 1111100001 37"}
{"level":"info","message":"/zeropay_payment_history retrieved for business number: 1111100001 21"}
{"level":"info","message":"/naver_vat_reports retrieved for business number: 1111100001 37"}
{"level":"info","message":"/hometax_sales_invoices retrieved for business number: 1111100001 7"}
{"level":"info","message":"/hometax_sales_invoices retrieved for business number: 1111100001 7"}
{"level":"info","message":"/coupangeats_vat_reports retrieved for business number: 1111100001 37"}
{"level":"info","message":"/coupangeats_vat_reports retrieved for business number: 1111100001 37"}
{"level":"info","message":"/naver_vat_reports retrieved for business number: 1111100001 37"}
{"level":"info","message":"/zeropay_payment_history retrieved for business number: 1111100001 21"}
{"level":"info","message":"/naver_vat_reports retrieved for business number: 1111100001 37"}
{"level":"info","message":"/zeropay_payment_history retrieved for business number: 1111100001 21"}
{"level":"info","message":"/hometax_sales_invoices retrieved for business number: 1111100001 7"}
{"level":"info","message":"/hometax_sales_invoices retrieved for business number: 1111100001 7"}
{"level":"info","message":"/naver_vat_reports retrieved for business number: 1111100001 37"}
{"level":"info","message":"/zeropay_payment_history retrieved for business number: 1111100001 21"}
{"level":"info","message":"/coupangeats_vat_reports retrieved for business number: 1111100001 37"}
{"level":"info","message":"/naver_vat_reports retrieved for business number: 1111100001 37"}
{"level":"info","message":"/zeropay_payment_history retrieved for business number: 1111100001 21"}
{"level":"info","message":"/coupangeats_vat_reports retrieved for business number: 1111100001 37"}
{"level":"info","message":"/hometax_sales_invoices retrieved for business number: 1111100001 7"}
{"level":"info","message":"/zeropay_payment_history retrieved for business number: 1111100001 21"}
{"level":"info","message":"/coupangeats_vat_reports retrieved for business number: 1111100001 37"}
{"level":"info","message":"/naver_vat_reports retrieved for business number: 1111100001 37"}
{"level":"info","message":"/zeropay_payment_history retrieved for business number: 1111100001 21"}
{"level":"info","message":"/hometax_sales_invoices retrieved for business number: 1111100001 7"}
{"level":"info","message":"/naver_vat_reports retrieved for business number: 1111100001 37"}
{"level":"info","message":"/hometax_sales_invoices retrieved for business number: 1111100001 7"}
{"level":"info","message":"/coupangeats_vat_reports retrieved for business number: 1111100001 37"}
{"level":"info","message":"/coupangeats_vat_reports retrieved for business number: 1111100001 37"}
{"level":"info","message":"/zeropay_payment_history retrieved for business number: 1111100001 21"}
{"level":"info","message":"/naver_vat_reports retrieved for business number: 1111100001 37"}
{"level":"info","message":"/hometax_sales_invoices retrieved for business number: 1111100001 7"}
{"level":"info","message":"/naver_vat_reports retrieved for business number: 1111100001 37"}
{"level":"info","message":"/coupangeats_vat_reports retrieved for business number: 1111100001 37"}
{"level":"info","message":"/hometax_sales_invoices retrieved for business number: 1111100001 7"}
{"level":"info","message":"/naver_vat_reports retrieved for business number: 1111100001 37"}
{"level":"info","message":"/zeropay_payment_history retrieved for business number: 1111100001 21"}
{"level":"info","message":"/zeropay_payment_history retrieved for business number: 1111100001 21"}
{"level":"info","message":"/coupangeats_vat_reports retrieved for business number: 1111100001 37"}
{"level":"info","message":"/hometax_sales_invoices retrieved for business number: 1111100001 7"}
{"level":"info","message":"/zeropay_payment_history retrieved for business number: 1111100001 21"}
{"level":"info","message":"/zeropay_payment_history retrieved for business number: 1111100001 21"}
{"level":"info","message":"/coupangeats_vat_reports retrieved for business number: 1111100001 37"}
{"level":"info","message":"/naver_vat_reports retrieved for business number: 1111100001 37"}
{"level":"info","message":"/hometax_sales_invoices retrieved for business number: 1111100001 7"}
{"level":"info","message":"/coupangeats_vat_reports retrieved for business number: 1111100001 37"}
{"level":"info","message":"/naver_vat_reports retrieved for business number: 1111100001 37"}
{"level":"info","message":"/coupangeats_vat_reports retrieved for business number: 1111100001 37"}
{"level":"info","message":"/coupangeats_vat_reports retrieved for business number: 1111100001 37"}
{"level":"info","message":"/naver_vat_reports retrieved for business number: 1111100001 37"}
{"level":"info","message":"/zeropay_payment_history retrieved for business number: 1111100001 21"}
{"level":"info","message":"/hometax_sales_invoices retrieved for business number: 1111100001 7"}
{"level":"info","message":"/hometax_sales_invoices retrieved for business number: 1111100001 7"}
{"level":"info","message":"/zeropay_payment_history retrieved for business number: 1111100001 21"}
{"level":"info","message":"/naver_vat_reports retrieved for business number: 1111100001 37"}
{"level":"info","message":"/hometax_sales_invoices retrieved for business number: 1111100001 7"}
{"level":"info","message":"/hometax_sales_invoices retrieved for business number: 1111100001 7"}
{"level":"info","message":"/coupangeats_vat_reports retrieved for business number: 1111100001 37"}
{"level":"info","message":"/zeropay_payment_history retrieved for business number: 1111100001 21"}
{"level":"info","message":"/coupangeats_vat_reports retrieved for business number: 1111100001 37"}
{"level":"info","message":"/naver_vat_reports retrieved for business number: 1111100001 37"}
{"level":"info","message":"/naver_vat_reports retrieved for business number: 1111100001 37"}
{"level":"info","message":"/zeropay_payment_history retrieved for business number: 1111100001 21"}
{"level":"info","message":"/hometax_sales_invoices retrieved for business number: 1111100001 7"}
{"level":"info","message":"/coupangeats_vat_reports retrieved for business number: 1111100001 37"}
{"level":"info","message":"/naver_vat_reports retrieved for business number: 1111100001 37"}
{"level":"info","message":"/hometax_sales_invoices retrieved for business number: 1111100001 7"}
{"level":"info","message":"/coupangeats_vat_reports retrieved for business number: 1111100001 37"}
{"level":"info","message":"/naver_vat_reports retrieved for business number: 1111100001 37"}
{"level":"info","message":"/zeropay_payment_history retrieved for business number: 1111100001 21"}
{"level":"info","message":"/zeropay_payment_history retrieved for business number: 1111100001 21"}
{"level":"info","message":"Server running on port 6100"}
{"level":"info","message":"/naver_vat_reports retrieved for business number: 1111100001 37"}
{"level":"info","message":"/hometax_sales_invoices retrieved for business number: 1111100001 7"}
{"level":"info","message":"/coupangeats_vat_reports retrieved for business number: 1111100001 37"}
{"level":"info","message":"/naver_vat_reports retrieved for business number: 1111100001 37"}
{"level":"info","message":"/zeropay_payment_history retrieved for business number: 1111100001 21"}
{"level":"info","message":"/zeropay_payment_history retrieved for business number: 1111100001 21"}
{"level":"info","message":"/hometax_sales_invoices retrieved for business number: 1111100001 7"}
{"level":"info","message":"/coupangeats_vat_reports retrieved for business number: 1111100001 37"}
